   Î“Ă»â–“ Next.js 15.1.0

   Creating an optimized production build ...
 Î“ÂŁĂ´ Compiled successfully
   Linting and checking validity of types ...
   Collecting page data ...
   Generating static pages (0/10) ...
   Generating static pages (2/10) 
   Generating static pages (4/10) 
   Generating static pages (7/10) 
 Î“ÂŁĂ´ Generating static pages (10/10)
   Finalizing page optimization ...
   Collecting build traces ...

Route (app)                              Size     First Load JS
Î“Ă¶Ă® Î“ĂąĂŻ /                                    137 B           106 kB
Î“Ă¶ÂŁ Î“ĂąĂŻ /_not-found                          980 B           106 kB
Î“Ă¶ÂŁ Î“ĂąĂŻ /admin/dashboard                     3.58 kB         120 kB
Î“Ă¶ÂŁ Î“ĂąĂŻ /cart                                4.15 kB         120 kB
Î“Ă¶ÂŁ â•žĂ† /dish/[id]                           4.1 kB          120 kB
Î“Ă¶ÂŁ Î“ĂąĂŻ /login                               2.74 kB         119 kB
Î“Ă¶ÂŁ Î“ĂąĂŻ /menu                                4.75 kB         121 kB
Î“Ă¶ÂŁ Î“ĂąĂŻ /profile/orders                      4.02 kB         120 kB
Î“Ă¶Ă¶ Î“ĂąĂŻ /register                            3.11 kB         119 kB
+ First Load JS shared by all            105 kB
  Î“Ă¶ÂŁ chunks/019dade1-3f81ecbe6deb24c0.js  52.9 kB
  Î“Ă¶ÂŁ chunks/767-b4c8da3959a134ee.js       50.5 kB
  Î“Ă¶Ă¶ other shared chunks (total)          1.97 kB


Î“ĂąĂŻ  (Static)   prerendered as static content
â•žĂ†  (Dynamic)  server-rendered on demand

